<?xml version="1.0" encoding="UTF-8"?>
<!-- Generated by org.testng.reporters.JUnitReportReporter -->
<testsuite hostname="Pi-PC" failures="0" tests="4" name="Ivi" time="65.172" errors="0" timestamp="26 дек. 2019 22:02:02 GMT" skipped="0">
  <testcase classname="Ivi" name="playIvi" time="28.565"/>
  <testcase classname="Ivi" name="wikiIvi" time="28.218"/>
  <testcase classname="Ivi" name="imagesOfIviInGooglePictures" time="5.379"/>
  <testcase classname="Ivi" name="browserLocale" time="3.010"/>
</testsuite> <!-- Ivi -->
